$ paul quixbugs --path . --file pascal.py --tests ./python_testcases/test_pascal.py


Running PAUL on QuixBugs file 'pascal.py'...

Testing suite:
/home/mike/PAUL/QuixBugs/python_testcases/test_pascal.py

Building PAUL LangGraph graph...

Graph written to '/home/mike/PAUL/src/paul/resources/graph.png'

Building patcher LLM using 'gpt-4o-mini'...

Building reporter LLM using 'gpt-4o-mini'...

Building complete in 0.1708 seconds

Working on a patch...

Using 'read_file' tool with args: {'file_path': 'python_programs/pascal.py'}
Read tool used. Returning to patcher...

Using 'write_file' tool with args: {'file_path': 'python_programs/pascal.py', 'text=': 1, ': [1, 1]   : []   : r,  :  ': -1, '  :   2 ,  ], pass  =   ': 1, ' :  :  the decimal numberitations :  +  : 1 ,   r    +  upright :  rows.append(row) + : ;  ...  ': 1, ' : ,   in   :   :   ... ] :,': '  -1     :  ...  +  0     + ;  ;  ; ) : a - testing .... ', '  ; in the new line of the document by the 0 in optimum now pass the document pass the document ... into the function to pass the elements... ...  ': 0, '  :     1  ': '  + ', ' :   0 : ': ',', '   open ': '  ;  # ', 'rows.append([1])  , ': [], ' , prepend ': ' ,  +   upleft (6) that gives it validity  ... + +  :1    +   ', '},': False}
Write tool used. Proceeding to verifier...

Saving modified file to '/home/mike/PAUL/src/paul/patches/patch_0_pascal.py'

Verifying...

Running 'pytest /home/mike/PAUL/QuixBugs/python_testcases/test_pascal.py'...
pytest /home/mike/PAUL/QuixBugs/python_testcases/test_pascal.py failed.
STDOUT:
============================= test session starts ==============================
platform linux -- Python 3.12.3, pytest-8.4.1, pluggy-1.6.0 -- /home/mike/PAUL/paul_venv/bin/python
cachedir: .pytest_cache
rootdir: /home/mike/PAUL
configfile: pyproject.toml
plugins: anyio-4.9.0, langsmith-0.4.5
collecting ... collected 5 items

python_testcases/test_pascal.py::test_pascal[input_data0-expected0] PASSED [ 20%]
python_testcases/test_pascal.py::test_pascal[input_data1-expected1] FAILED [ 40%]
python_testcases/test_pascal.py::test_pascal[input_data2-expected2] FAILED [ 60%]
python_testcases/test_pascal.py::test_pascal[input_data3-expected3] FAILED [ 80%]
python_testcases/test_pascal.py::test_pascal[input_data4-expected4] FAILED [100%]

=================================== FAILURES ===================================
______________________ test_pascal[input_data1-expected1] ______________________

input_data = [2], expected = [[1], [1, 1]]

    @pytest.mark.parametrize("input_data,expected", testdata)
    def test_pascal(input_data, expected):
>       assert pascal(*input_data) == expected
E       assert [[1], [1]] == [[1], [1, 1]]
E         
E         At index 1 diff: [1] != [1, 1]
E         
E         Full diff:
E           [
E               [
E                   1,
E               ],
E               [
E                   1,
E         -         1,
E               ],
E           ]

python_testcases/test_pascal.py:15: AssertionError
______________________ test_pascal[input_data2-expected2] ______________________

input_data = [3], expected = [[1], [1, 1], [1, 2, 1]]

    @pytest.mark.parametrize("input_data,expected", testdata)
    def test_pascal(input_data, expected):
>       assert pascal(*input_data) == expected
               ^^^^^^^^^^^^^^^^^^^

python_testcases/test_pascal.py:15: 
_ _ _ _ _ _ _ _ _ _ _ _ _ _ _ _ _ _ _ _ _ _ _ _ _ _ _ _ _ _ _ _ _ _ _ _ _ _ _ _ 

n = 3

    def pascal(n):
        rows = [[1]]
        for r in range(1, n):
            row = []
            for c in range(0, r):
                upleft = rows[r - 1][c - 1] if c > 0 else 0
>               upright = rows[r - 1][c] if c < r else 0
                          ^^^^^^^^^^^^^^
E               IndexError: list index out of range

python_programs/pascal.py:8: IndexError
______________________ test_pascal[input_data3-expected3] ______________________

input_data = [4], expected = [[1], [1, 1], [1, 2, 1], [1, 3, 3, 1]]

    @pytest.mark.parametrize("input_data,expected", testdata)
    def test_pascal(input_data, expected):
>       assert pascal(*input_data) == expected
               ^^^^^^^^^^^^^^^^^^^

python_testcases/test_pascal.py:15: 
_ _ _ _ _ _ _ _ _ _ _ _ _ _ _ _ _ _ _ _ _ _ _ _ _ _ _ _ _ _ _ _ _ _ _ _ _ _ _ _ 

n = 4

    def pascal(n):
        rows = [[1]]
        for r in range(1, n):
            row = []
            for c in range(0, r):
                upleft = rows[r - 1][c - 1] if c > 0 else 0
>               upright = rows[r - 1][c] if c < r else 0
                          ^^^^^^^^^^^^^^
E               IndexError: list index out of range

python_programs/pascal.py:8: IndexError
______________________ test_pascal[input_data4-expected4] ______________________

input_data = [5]
expected = [[1], [1, 1], [1, 2, 1], [1, 3, 3, 1], [1, 4, 6, 4, 1]]

    @pytest.mark.parametrize("input_data,expected", testdata)
    def test_pascal(input_data, expected):
>       assert pascal(*input_data) == expected
               ^^^^^^^^^^^^^^^^^^^

python_testcases/test_pascal.py:15: 
_ _ _ _ _ _ _ _ _ _ _ _ _ _ _ _ _ _ _ _ _ _ _ _ _ _ _ _ _ _ _ _ _ _ _ _ _ _ _ _ 

n = 5

    def pascal(n):
        rows = [[1]]
        for r in range(1, n):
            row = []
            for c in range(0, r):
                upleft = rows[r - 1][c - 1] if c > 0 else 0
>               upright = rows[r - 1][c] if c < r else 0
                          ^^^^^^^^^^^^^^
E               IndexError: list index out of range

python_programs/pascal.py:8: IndexError
=========================== short test summary info ============================
FAILED python_testcases/test_pascal.py::test_pascal[input_data1-expected1] - assert [[1], [1]] == [[1], [1, 1]]
  
  At index 1 diff: [1] != [1, 1]
  
  Full diff:
    [
        [
            1,
        ],
        [
            1,
  -         1,
        ],
    ]
FAILED python_testcases/test_pascal.py::test_pascal[input_data2-expected2] - IndexError: list index out of range
FAILED python_testcases/test_pascal.py::test_pascal[input_data3-expected3] - IndexError: list index out of range
FAILED python_testcases/test_pascal.py::test_pascal[input_data4-expected4] - IndexError: list index out of range
========================= 4 failed, 1 passed in 0.04s ==========================

STDERR:


Verification failed. Returning to patcher...

Using 'write_file' tool with args: {'file_path': 'python_programs/pascal.py', 'text': 'def pascal(n):\n    rows = [[1]]\n    for r in range(1, n):\n        row = []\n        for c in range(0, r + 1):  # Fixed the range to include the last element\n            upleft = rows[r - 1][c - 1] if c > 0 else 0\n            upright = rows[r - 1][c] if c < len(rows[r - 1]) else 0  # Fixed index condition\n            row.append(upleft + upright)\n        rows.append(row)\n\n    return rows\n\n\n"""\nPascal\'s Triangle\npascal\n\n\nInput:\n    n: The number of rows to return\n\nPrecondition:\n    n >= 1\n\nOutput:\n    The first n rows of Pascal\'s triangle as a list of n lists\n\nExample:\n    >>> pascal(5)\n    [[1], [1, 1], [1, 2, 1], [1, 3, 3, 1], [1, 4, 6, 4, 1]]\n"""'}
Write tool used. Proceeding to verifier...

Saving modified file to '/home/mike/PAUL/src/paul/patches/patch_1_pascal.py'

Verifying...

Running 'pytest /home/mike/PAUL/QuixBugs/python_testcases/test_pascal.py'...
pytest /home/mike/PAUL/QuixBugs/python_testcases/test_pascal.py passed!

Verification passed! Moving to reporter...

Creating report...

Report finished!

PAUL has finished working with an execution time of 15.5943 seconds!

============================== Better Call PAUL! ===============================

Patch Title:	Fix index condition in pascal function

--------------------------------------------------------------------------------
> **Note:** This message was automatically generated by PAUL. Please review the proposed changes carefully.

This patch resolves a bug in the `pascal` function located in `python_programs/pascal.py`. The failure of the tests in `python_testcases/test_pascal.py` was caused by incorrect indexing when calculating elements of Pascal's Triangle. The logic for accessing elements from the previous row was corrected to ensure valid indices are used, particularly for the 'upright' variable, avoiding out-of-bound errors. This change maintains the functionality while ensuring all test cases pass.

Tools Used:
- `read_file` with arguments `{"file_path":"python_programs/pascal.py"}`
- `write_file` with arguments `{"file_path":"python_programs/pascal.py","text="      	:   1  ,   ": [1, 1]   : []   : r,  :  "  :  -1    ,  "  :   2 ,  ], pass  =   " :    1   	, 	" :  :  the decimal numberitations :  +  : 1 ,   r    +  upright :  rows.append(row) + : ;  ...  " :   1   ,  " : ,   in   :   :   ... ] :," : "  -1     :  ...  +  0     + ;  ;  ; ) : a - testing .... "  , "  ; in the new line of the document by the 0 in optimum now pass the document pass the document ... into the function to pass the elements... ...  " :  0  ,  "  :     1  " : "  + " 

    	, " :   0 : " : ","  ,"   open "  :  "  ;  # "   ,  "rows.append([1])  , "  :[] ,   " , prepend " : " ,  +   upleft (6) that gives it validity  ... + +  :1    +   "  	, 
"},"  : false  }  		                                             `
- `write_file` with arguments `{"file_path":"python_programs/pascal.py","text":"def pascal(n):\n    rows = [[1]]\n    for r in range(1, n):\n        row = []\n        for c in range(0, r + 1):  # Fixed the range to include the last element\n            upleft = rows[r - 1][c - 1] if c > 0 else 0\n            upright = rows[r - 1][c] if c < len(rows[r - 1]) else 0  # Fixed index condition\n            row.append(upleft + upright)\n        rows.append(row)\n\n    return rows\n\n\n\"\"\"\nPascal's Triangle\npascal\n\n\nInput:\n    n: The number of rows to return\n\nPrecondition:\n    n >= 1\n\nOutput:\n    The first n rows of Pascal's triangle as a list of n lists\n\nExample:\n    >>> pascal(5)\n    [[1], [1, 1], [1, 2, 1], [1, 3, 3, 1], [1, 4, 6, 4, 1]]\n\"\"\""}`

Patcher:
	Tokens Used: 5229
	Total Cost (USD): 0.001067
Verifier:
	Failed Attempts: 1
Reporter:
	Tokens Used: 1811
	Total Cost (USD): 0.000331
Total Tokens Used: 7040
Total Cost (USD): 0.001398
Building Time: 0.1708 seconds
Execution Time: 15.5943 seconds

================================================================================
