$ paul quixbugs java --path . --instance FIND_IN_SORTED --verify


Running PAUL on QuixBugs file './java_programs/FIND_IN_SORTED.java'...

Testing suite:
gradle test --tests java_testcases.junit.FIND_IN_SORTED_TEST

Building PAUL LangGraph graph...

Graph written to '/home/mike/PAUL/src/paul/resources/graph.png'

Building patcher LLM using 'gpt-4o-mini'...

Building reporter LLM using 'gpt-4o-mini'...

Building complete in 0.2179 seconds

Working on a patch...

Using 'read_file' tool with args: {'file_path': './java_programs/FIND_IN_SORTED.java'}
Read tool used. Returning to patcher...

Using 'read_file' tool with args: {'file_path': './java_testcases/junit/FIND_IN_SORTED_TEST.java'}
Using 'write_file' tool with args: {'file_path': './java_programs/FIND_IN_SORTED.java', 'text': '    public static int find_in_sorted(int[] arr, int x) {\n        return binsearch(arr, x, 0, arr.length - 1); // Adjust to search in the correct range\n    }', 'append': False}
Write tool used. Proceeding to verifier...

Saving modified file to '/home/mike/PAUL/src/paul/patches/patch_0_FIND_IN_SORTED.java'

Verifying...

Running 'gradle test --tests java_testcases.junit.FIND_IN_SORTED_TEST'...
gradle test --tests java_testcases.junit.FIND_IN_SORTED_TEST failed.
STDOUT:
:compileJava FAILED
1 actionable task: 1 executed

STDERR:
openjdk version "21.0.8" 2025-07-15
OpenJDK Runtime Environment (build 21.0.8+9-Ubuntu-0ubuntu124.04.1)
OpenJDK 64-Bit Server VM (build 21.0.8+9-Ubuntu-0ubuntu124.04.1, mixed mode, sharing)
/home/mike/PAUL/QuixBugs/java_programs/FIND_IN_SORTED.java:1: error: class, interface, or enum expected
    public static int find_in_sorted(int[] arr, int x) {
                  ^
/home/mike/PAUL/QuixBugs/java_programs/FIND_IN_SORTED.java:3: error: class, interface, or enum expected
    }
    ^
2 errors

FAILURE: Build failed with an exception.

* What went wrong:
Execution failed for task ':compileJava'.
> Compilation failed; see the compiler error output for details.

* Try:
Run with --stacktrace option to get the stack trace. Run with --info or --debug option to get more log output. Run with --scan to get full insights.

* Get more help at https://help.gradle.org

BUILD FAILED in 0s


Verification failed. Returning to patcher...

Using 'write_file' tool with args: {'file_path': './java_programs/FIND_IN_SORTED.java', 'text': 'package java_programs;\n\npublic class FIND_IN_SORTED {\n    public static int binsearch(int[] arr, int x, int start, int end) {\n        if (start == end) {\n            return -1;\n        }\n        int mid = start + (end - start) / 2; // check this is floor division\n        if (x < arr[mid]) {\n            return binsearch(arr, x, start, mid);\n        } else if (x > arr[mid]) {\n            return binsearch(arr, x, mid, end);\n        } else {\n            return mid;\n        }\n    }\n\n    public static int find_in_sorted(int[] arr, int x) {\n        return binsearch(arr, x, 0, arr.length - 1); // Adjust to search in the correct range\n    }\n}', 'append': False}
Write tool used. Proceeding to verifier...

Saving modified file to '/home/mike/PAUL/src/paul/patches/patch_1_FIND_IN_SORTED.java'

Verifying...

Running 'gradle test --tests java_testcases.junit.FIND_IN_SORTED_TEST'...
gradle test --tests java_testcases.junit.FIND_IN_SORTED_TEST failed.
STDOUT:
:compileJava
:processResources NO-SOURCE
:classes
:compileTestJava UP-TO-DATE
:processTestResources NO-SOURCE
:testClasses UP-TO-DATE
:test

java_testcases.junit.FIND_IN_SORTED_TEST > test_1 FAILED
    java.lang.StackOverflowError

java_testcases.junit.FIND_IN_SORTED_TEST > test_6 FAILED
    java.lang.StackOverflowError
:test FAILED
3 actionable tasks: 2 executed, 1 up-to-date

STDERR:
openjdk version "21.0.8" 2025-07-15
OpenJDK Runtime Environment (build 21.0.8+9-Ubuntu-0ubuntu124.04.1)
OpenJDK 64-Bit Server VM (build 21.0.8+9-Ubuntu-0ubuntu124.04.1, mixed mode, sharing)
Note: Some input files use unchecked or unsafe operations.
Note: Recompile with -Xlint:unchecked for details.

7 tests completed, 2 failed

FAILURE: Build failed with an exception.

* What went wrong:
Execution failed for task ':test'.
> There were failing tests. See the report at: file:///home/mike/PAUL/QuixBugs/build/reports/tests/test/index.html

* Try:
Run with --stacktrace option to get the stack trace. Run with --info or --debug option to get more log output. Run with --scan to get full insights.

* Get more help at https://help.gradle.org

BUILD FAILED in 0s


Verification failed. Returning to patcher...

Using 'write_file' tool with args: {'file_path': './java_programs/FIND_IN_SORTED.java', 'text': '    public static int binsearch(int[] arr, int x, int start, int end) {\n        if (start > end) { // Correct condition to check for the valid range\n            return -1;\n        }\n        int mid = start + (end - start) / 2; // check this is floor division\n        if (x < arr[mid]) {\n            return binsearch(arr, x, start, mid - 1); // Exclusive of mid element while searching left\n        } else if (x > arr[mid]) {\n            return binsearch(arr, x, mid + 1, end); // Exclusive of mid element while searching right\n        } else {\n            return mid;\n        }\n    }', 'append': False}
Write tool used. Proceeding to verifier...

Saving modified file to '/home/mike/PAUL/src/paul/patches/patch_2_FIND_IN_SORTED.java'

Verifying...

Running 'gradle test --tests java_testcases.junit.FIND_IN_SORTED_TEST'...
gradle test --tests java_testcases.junit.FIND_IN_SORTED_TEST failed.
STDOUT:
:compileJava FAILED
1 actionable task: 1 executed

STDERR:
openjdk version "21.0.8" 2025-07-15
OpenJDK Runtime Environment (build 21.0.8+9-Ubuntu-0ubuntu124.04.1)
OpenJDK 64-Bit Server VM (build 21.0.8+9-Ubuntu-0ubuntu124.04.1, mixed mode, sharing)
/home/mike/PAUL/QuixBugs/java_programs/FIND_IN_SORTED.java:1: error: class, interface, or enum expected
    public static int binsearch(int[] arr, int x, int start, int end) {
                  ^
/home/mike/PAUL/QuixBugs/java_programs/FIND_IN_SORTED.java:4: error: class, interface, or enum expected
        }
        ^
/home/mike/PAUL/QuixBugs/java_programs/FIND_IN_SORTED.java:6: error: class, interface, or enum expected
        if (x < arr[mid]) {
        ^
/home/mike/PAUL/QuixBugs/java_programs/FIND_IN_SORTED.java:8: error: class, interface, or enum expected
        } else if (x > arr[mid]) {
        ^
/home/mike/PAUL/QuixBugs/java_programs/FIND_IN_SORTED.java:10: error: class, interface, or enum expected
        } else {
        ^
/home/mike/PAUL/QuixBugs/java_programs/FIND_IN_SORTED.java:12: error: class, interface, or enum expected
        }
        ^
6 errors

FAILURE: Build failed with an exception.

* What went wrong:
Execution failed for task ':compileJava'.
> Compilation failed; see the compiler error output for details.

* Try:
Run with --stacktrace option to get the stack trace. Run with --info or --debug option to get more log output. Run with --scan to get full insights.

* Get more help at https://help.gradle.org

BUILD FAILED in 0s


Verification failed. Returning to patcher...

Using 'write_file' tool with args: {'file_path': './java_programs/FIND_IN_SORTED.java', 'text': 'package java_programs;\n\npublic class FIND_IN_SORTED {\n    public static int binsearch(int[] arr, int x, int start, int end) {\n        if (start > end) { // Correct condition to check for the valid range\n            return -1;\n        }\n        int mid = start + (end - start) / 2; // check this is floor division\n        if (x < arr[mid]) {\n            return binsearch(arr, x, start, mid - 1); // Exclusive of mid while searching left\n        } else if (x > arr[mid]) {\n            return binsearch(arr, x, mid + 1, end); // Exclusive of mid while searching right\n        } else {\n            return mid;\n        }\n    }\n\n    public static int find_in_sorted(int[] arr, int x) {\n        return binsearch(arr, x, 0, arr.length - 1); // Adjust to search within bounds\n    }\n}', 'append': False}
Write tool used. Proceeding to verifier...

Saving modified file to '/home/mike/PAUL/src/paul/patches/patch_3_FIND_IN_SORTED.java'

Verifying...

Running 'gradle test --tests java_testcases.junit.FIND_IN_SORTED_TEST'...
gradle test --tests java_testcases.junit.FIND_IN_SORTED_TEST passed!

Verification passed! Moving to reporter...

Creating report...

Report finished!

PAUL has finished working with an execution time of 16.8532 seconds!

============================== Better Call PAUL! ===============================

Patch Title:	Fix binary search implementation in FIND_IN_SORTED

--------------------------------------------------------------------------------
> **Note:** This message was automatically generated by PAUL. Please review the proposed changes carefully.

This patch addresses an issue in the binary search algorithm defined in the FIND_IN_SORTED class. The function now correctly checks the valid range when searching for an element in a sorted array. The earlier version had potential flaws in the function logic that led to incorrect results or failed tests. This update ensures that the search properly excludes mid during recursive calls, adhering to standard binary search principles and passing all associated test cases.

Tools Used:
- `read_file` with arguments `{"file_path":"./java_programs/FIND_IN_SORTED.java"}`
- `read_file` with arguments `{"file_path": "./java_testcases/junit/FIND_IN_SORTED_TEST.java"}`
- `write_file` with arguments `{"file_path": "./java_programs/FIND_IN_SORTED.java", "text": "    public static int find_in_sorted(int[] arr, int x) {\n        return binsearch(arr, x, 0, arr.length - 1); // Adjust to search in the correct range\n    }", "append": false}`
- `write_file` with arguments `{"file_path":"./java_programs/FIND_IN_SORTED.java","text":"package java_programs;\n\npublic class FIND_IN_SORTED {\n    public static int binsearch(int[] arr, int x, int start, int end) {\n        if (start == end) {\n            return -1;\n        }\n        int mid = start + (end - start) / 2; // check this is floor division\n        if (x < arr[mid]) {\n            return binsearch(arr, x, start, mid);\n        } else if (x > arr[mid]) {\n            return binsearch(arr, x, mid, end);\n        } else {\n            return mid;\n        }\n    }\n\n    public static int find_in_sorted(int[] arr, int x) {\n        return binsearch(arr, x, 0, arr.length - 1); // Adjust to search in the correct range\n    }\n}","append":false}`
- `write_file` with arguments `{"file_path":"./java_programs/FIND_IN_SORTED.java","text":"    public static int binsearch(int[] arr, int x, int start, int end) {\n        if (start > end) { // Correct condition to check for the valid range\n            return -1;\n        }\n        int mid = start + (end - start) / 2; // check this is floor division\n        if (x < arr[mid]) {\n            return binsearch(arr, x, start, mid - 1); // Exclusive of mid element while searching left\n        } else if (x > arr[mid]) {\n            return binsearch(arr, x, mid + 1, end); // Exclusive of mid element while searching right\n        } else {\n            return mid;\n        }\n    }","append":false}`
- `write_file` with arguments `{"file_path":"./java_programs/FIND_IN_SORTED.java","text":"package java_programs;\n\npublic class FIND_IN_SORTED {\n    public static int binsearch(int[] arr, int x, int start, int end) {\n        if (start > end) { // Correct condition to check for the valid range\n            return -1;\n        }\n        int mid = start + (end - start) / 2; // check this is floor division\n        if (x < arr[mid]) {\n            return binsearch(arr, x, start, mid - 1); // Exclusive of mid while searching left\n        } else if (x > arr[mid]) {\n            return binsearch(arr, x, mid + 1, end); // Exclusive of mid while searching right\n        } else {\n            return mid;\n        }\n    }\n\n    public static int find_in_sorted(int[] arr, int x) {\n        return binsearch(arr, x, 0, arr.length - 1); // Adjust to search within bounds\n    }\n}","append":false}`

Patcher:
	Tokens Used: 10942
	Total Cost (USD): 0.001738
Verifier:
	Failed Attempts: 3
Reporter:
	Tokens Used: 1779
	Total Cost (USD): 0.000328
Total Tokens Used: 12721
Total Cost (USD): 0.002067
Building Time: 0.2179 seconds
Execution Time: 16.8532 seconds

================================================================================
