$ paul quixbugs java --path . --instance SUBSEQUENCES --verify


Running PAUL on QuixBugs file './java_programs/SUBSEQUENCES.java'...

Testing suite:
gradle test --tests java_testcases.junit.SUBSEQUENCES_TEST

Building PAUL LangGraph graph...

Graph written to '/home/mike/PAUL/src/paul/resources/graph.png'

Building patcher LLM using 'gpt-4o-mini'...

Building reporter LLM using 'gpt-4o-mini'...

Building complete in 0.2125 seconds

Working on a patch...

Using 'read_file' tool with args: {'file_path': './java_programs/SUBSEQUENCES.java'}
Read tool used. Returning to patcher...

Using 'read_file' tool with args: {'file_path': './java_testcases/junit/SUBSEQUENCES_TEST.java'}
Read tool used. Returning to patcher...

Using 'write_file' tool with args: {'file_path': './java_programs/SUBSEQUENCES.java', 'text': 'package java_programs;\nimport java.util.*;\n\n/*\n * To change this template, choose Tools | Templates\n * and open the template in the editor.\n */\n\n/**\n *\n * @author derricklin\n */\npublic class SUBSEQUENCES {\n    public static ArrayList<ArrayList> subsequences(int a, int b, int k) {\n        if (k == 0) {\n            return new ArrayList();\n        }\n\n        ArrayList ret = new ArrayList(50);\n        for (int i=a; i<b+1-k; i++) {\n            ArrayList base = new ArrayList(50);\n            // Fixed the wrong base case by ensuring that the index is within bounds.\n            for (ArrayList rest : subsequences(i+1, b, k-1)) {\n                rest.add(0,i);\n                base.add(rest);\n            }\n            ret.addAll(base);\n        }\n\n        return ret;\n    }\n}', 'append': False}
Using 'list_directory' tool with args: {}
Write tool used. Proceeding to verifier...

Saving modified file to '/home/mike/PAUL/src/paul/patches/patch_0_SUBSEQUENCES.java'

Verifying...

Running 'gradle test --tests java_testcases.junit.SUBSEQUENCES_TEST'...
gradle test --tests java_testcases.junit.SUBSEQUENCES_TEST failed.
STDOUT:
:compileJava
:processResources NO-SOURCE
:classes
:compileTestJava UP-TO-DATE
:processTestResources NO-SOURCE
:testClasses UP-TO-DATE
:test

java_testcases.junit.SUBSEQUENCES_TEST > test_10 FAILED
    org.junit.ComparisonFailure at SUBSEQUENCES_TEST.java:79

java_testcases.junit.SUBSEQUENCES_TEST > test_11 FAILED
    org.junit.ComparisonFailure at SUBSEQUENCES_TEST.java:86

java_testcases.junit.SUBSEQUENCES_TEST > test_0 FAILED
    org.junit.ComparisonFailure at SUBSEQUENCES_TEST.java:9

java_testcases.junit.SUBSEQUENCES_TEST > test_3 FAILED
    org.junit.ComparisonFailure at SUBSEQUENCES_TEST.java:30

java_testcases.junit.SUBSEQUENCES_TEST > test_4 FAILED
    org.junit.ComparisonFailure at SUBSEQUENCES_TEST.java:37

java_testcases.junit.SUBSEQUENCES_TEST > test_5 FAILED
    org.junit.ComparisonFailure at SUBSEQUENCES_TEST.java:44

java_testcases.junit.SUBSEQUENCES_TEST > test_6 FAILED
    org.junit.ComparisonFailure at SUBSEQUENCES_TEST.java:51

java_testcases.junit.SUBSEQUENCES_TEST > test_7 FAILED
    org.junit.ComparisonFailure at SUBSEQUENCES_TEST.java:58

java_testcases.junit.SUBSEQUENCES_TEST > test_8 FAILED
    org.junit.ComparisonFailure at SUBSEQUENCES_TEST.java:65

java_testcases.junit.SUBSEQUENCES_TEST > test_9 FAILED
    org.junit.ComparisonFailure at SUBSEQUENCES_TEST.java:72
:test FAILED
3 actionable tasks: 2 executed, 1 up-to-date

STDERR:
openjdk version "21.0.8" 2025-07-15
OpenJDK Runtime Environment (build 21.0.8+9-Ubuntu-0ubuntu124.04.1)
OpenJDK 64-Bit Server VM (build 21.0.8+9-Ubuntu-0ubuntu124.04.1, mixed mode, sharing)
Note: Some input files use unchecked or unsafe operations.
Note: Recompile with -Xlint:unchecked for details.

12 tests completed, 10 failed

FAILURE: Build failed with an exception.

* What went wrong:
Execution failed for task ':test'.
> There were failing tests. See the report at: file:///home/mike/PAUL/QuixBugs/build/reports/tests/test/index.html

* Try:
Run with --stacktrace option to get the stack trace. Run with --info or --debug option to get more log output. Run with --scan to get full insights.

* Get more help at https://help.gradle.org

BUILD FAILED in 0s


Verification failed. Returning to patcher...

Using 'read_file' tool with args: {'file_path': './java_programs/SUBSEQUENCES.java'}
Read tool used. Returning to patcher...

Using 'read_file' tool with args: {'file_path': './java_testcases/junit/SUBSEQUENCES_TEST.java'}
Read tool used. Returning to patcher...

Using 'write_file' tool with args: {'file_path': './java_programs/SUBSEQUENCES.java', 'text': 'package java_programs;\nimport java.util.*;\n\n/*\n * To change this template, choose Tools | Templates\n * and open the template in the editor.\n */\n\n/**\n *\n * @author derricklin\n */\npublic class SUBSEQUENCES {\n    public static ArrayList<ArrayList> subsequences(int a, int b, int k) {\n        if (k == 0) {\n            ArrayList<ArrayList> baseCase = new ArrayList<>();\n            baseCase.add(new ArrayList<>()); // Return a list containing an empty subsequence\n            return baseCase;\n        }\n\n        ArrayList<ArrayList> ret = new ArrayList<>(50);\n        for (int i = a; i < b + 1 - k; i++) {\n            ArrayList<ArrayList> base = new ArrayList<>(50);\n            for (ArrayList rest : subsequences(i + 1, b, k - 1)) {\n                rest.add(0, i);\n                base.add(rest);\n            }\n            ret.addAll(base);\n        }\n\n        return ret;\n    }\n}', 'append': False}
Using 'list_directory' tool with args: {}
Write tool used. Proceeding to verifier...

Saving modified file to '/home/mike/PAUL/src/paul/patches/patch_1_SUBSEQUENCES.java'

Verifying...

Running 'gradle test --tests java_testcases.junit.SUBSEQUENCES_TEST'...
gradle test --tests java_testcases.junit.SUBSEQUENCES_TEST passed!

Verification passed! Moving to reporter...

Creating report...

Report finished!

PAUL has finished working with an execution time of 13.6932 seconds!

============================== Better Call PAUL! ===============================

Patch Title:	Correct function logic in SUBSEQUENCES.java

--------------------------------------------------------------------------------
> **Note:** This message was automatically generated by PAUL. Please review the proposed changes carefully.

This patch addresses a critical logic error in the subsequence generation function located in SUBSEQUENCES.java. The previous implementation failed to correctly generate all possible subsequences, causing tests in SUBSEQUENCES_TEST.java to fail. The fix involved modifying the subsequence creation logic to ensure all combinations of characters are considered, thus enhancing the function's correctness. All associated tests now pass successfully.

Tools Used:
- `read_file` with arguments `{"file_path":"./java_programs/SUBSEQUENCES.java"}`
- `read_file` with arguments `{"file_path":"./java_testcases/junit/SUBSEQUENCES_TEST.java"}`
- `write_file` with arguments `{"file_path": "./java_programs/SUBSEQUENCES.java", "text": "package java_programs;\nimport java.util.*;\n\n/*\n * To change this template, choose Tools | Templates\n * and open the template in the editor.\n */\n\n/**\n *\n * @author derricklin\n */\npublic class SUBSEQUENCES {\n    public static ArrayList<ArrayList> subsequences(int a, int b, int k) {\n        if (k == 0) {\n            return new ArrayList();\n        }\n\n        ArrayList ret = new ArrayList(50);\n        for (int i=a; i<b+1-k; i++) {\n            ArrayList base = new ArrayList(50);\n            // Fixed the wrong base case by ensuring that the index is within bounds.\n            for (ArrayList rest : subsequences(i+1, b, k-1)) {\n                rest.add(0,i);\n                base.add(rest);\n            }\n            ret.addAll(base);\n        }\n\n        return ret;\n    }\n}", "append": false}`
- `list_directory` with arguments `{}`
- `read_file` with arguments `{"file_path":"./java_programs/SUBSEQUENCES.java"}`
- `read_file` with arguments `{"file_path":"./java_testcases/junit/SUBSEQUENCES_TEST.java"}`
- `write_file` with arguments `{"file_path": "./java_programs/SUBSEQUENCES.java", "text": "package java_programs;\nimport java.util.*;\n\n/*\n * To change this template, choose Tools | Templates\n * and open the template in the editor.\n */\n\n/**\n *\n * @author derricklin\n */\npublic class SUBSEQUENCES {\n    public static ArrayList<ArrayList> subsequences(int a, int b, int k) {\n        if (k == 0) {\n            ArrayList<ArrayList> baseCase = new ArrayList<>();\n            baseCase.add(new ArrayList<>()); // Return a list containing an empty subsequence\n            return baseCase;\n        }\n\n        ArrayList<ArrayList> ret = new ArrayList<>(50);\n        for (int i = a; i < b + 1 - k; i++) {\n            ArrayList<ArrayList> base = new ArrayList<>(50);\n            for (ArrayList rest : subsequences(i + 1, b, k - 1)) {\n                rest.add(0, i);\n                base.add(rest);\n            }\n            ret.addAll(base);\n        }\n\n        return ret;\n    }\n}", "append": false}`
- `list_directory` with arguments `{}`

Patcher:
	Tokens Used: 27799
	Total Cost (USD): 0.003044
Verifier:
	Failed Attempts: 1
Reporter:
	Tokens Used: 970
	Total Cost (USD): 0.000197
Total Tokens Used: 28769
Total Cost (USD): 0.003241
Building Time: 0.2125 seconds
Execution Time: 13.6932 seconds

================================================================================
